sSIOTAgri/build/outputs/logs/manifest-merger-debug-report.txt
-- Merging decision tree log ---
manifest
ADDED from src/main/AndroidManifest.xml:2:1-550:12
	package
		ADDED from src/main/AndroidManifest.xml:3:5-29
		INJECTED from src/main/AndroidManifest.xml
		INJECTED from src/main/AndroidManifest.xml
	android:versionName
		ADDED from src/main/AndroidManifest.xml:5:5-30
		INJECTED from src/main/AndroidManifest.xml
		INJECTED from src/main/AndroidManifest.xml
	android:versionCode
		ADDED from src/main/AndroidManifest.xml:4:5-29
		INJECTED from src/main/AndroidManifest.xml
		INJECTED from src/main/AndroidManifest.xml
	xmlns:android
		ADDED from src/main/AndroidManifest.xml:2:11-69
uses-sdk
ADDED from src/main/AndroidManifest.xml:7:5-9:41
MERGED from [com.android.support:appcompat-v7:25.3.0] AndroidManifest.xml:21:5-23:78
MERGED from [com.android.support:animated-vector-drawable:25.3.0] AndroidManifest.xml:20:5-44
MERGED from [com.android.support:support-vector-drawable:25.3.0] AndroidManifest.xml:20:5-43
MERGED from [com.android.support:support-v4:25.3.0] AndroidManifest.xml:21:5-23:54
MERGED from [com.android.support:support-fragment:25.3.0] AndroidManifest.xml:21:5-23:60
MERGED from [com.android.support:support-media-compat:25.3.0] AndroidManifest.xml:21:5-23:63
MERGED from [com.android.support:support-core-utils:25.3.0] AndroidManifest.xml:21:5-23:61
MERGED from [com.android.support:recyclerview-v7:25.3.0] AndroidManifest.xml:20:5-43
MERGED from [com.android.support:support-core-ui:25.3.0] AndroidManifest.xml:21:5-23:58
MERGED from [com.android.support:support-compat:25.3.0] AndroidManifest.xml:21:5-23:58
MERGED from [com.android.support:multidex:1.0.1] AndroidManifest.xml:18:5-42
	tools:overrideLibrary
		ADDED from [com.android.support:appcompat-v7:25.3.0] AndroidManifest.xml:23:9-75
	android:targetSdkVersion
		ADDED from src/main/AndroidManifest.xml:9:9-38
		INJECTED from src/main/AndroidManifest.xml
		INJECTED from src/main/AndroidManifest.xml
	android:minSdkVersion
		ADDED from src/main/AndroidManifest.xml:8:9-35
		INJECTED from src/main/AndroidManifest.xml
		INJECTED from src/main/AndroidManifest.xml
uses-permission#android.permission.INTERNET
ADDED from src/main/AndroidManifest.xml:11:5-67
	android:name
		ADDED from src/main/AndroidManifest.xml:11:22-64
uses-permission#android.permission.ACCESS_NETWORK_STATE
ADDED from src/main/AndroidManifest.xml:12:5-79
	android:name
		ADDED from src/main/AndroidManifest.xml:12:22-76
uses-permission#android.permission.VIBRATE
ADDED from src/main/AndroidManifest.xml:13:5-66
	android:name
		ADDED from src/main/AndroidManifest.xml:13:22-63
uses-permission#android.permission.FLASHLIGHT
ADDED from src/main/AndroidManifest.xml:14:5-69
	android:name
		ADDED from src/main/AndroidManifest.xml:14:22-66
uses-permission#android.permission.CAMERA
ADDED from src/main/AndroidManifest.xml:15:5-65
	android:name
		ADDED from src/main/AndroidManifest.xml:15:22-62
uses-permission#android.permission.WRITE_EXTERNAL_STORAGE
ADDED from src/main/AndroidManifest.xml:16:5-81
	android:name
		ADDED from src/main/AndroidManifest.xml:16:22-78
uses-permission#android.permission.WAKE_LOCK
ADDED from src/main/AndroidManifest.xml:17:5-68
	android:name
		ADDED from src/main/AndroidManifest.xml:17:22-65
uses-permission#android.permission.RECEIVE_BOOT_COMPLETED
ADDED from src/main/AndroidManifest.xml:18:5-81
	android:name
		ADDED from src/main/AndroidManifest.xml:18:22-78
uses-feature#android.hardware.camera
ADDED from src/main/AndroidManifest.xml:20:5-60
	android:name
		ADDED from src/main/AndroidManifest.xml:20:19-57
uses-feature#android.hardware.camera.autofocus
ADDED from src/main/AndroidManifest.xml:21:5-70
	android:name
		ADDED from src/main/AndroidManifest.xml:21:19-67
uses-permission#android.permission.RECORD_AUDIO
ADDED from src/main/AndroidManifest.xml:23:5-71
	android:name
		ADDED from src/main/AndroidManifest.xml:23:22-68
uses-permission#android.permission.MODIFY_AUDIO_SETTINGS
ADDED from src/main/AndroidManifest.xml:24:5-80
	android:name
		ADDED from src/main/AndroidManifest.xml:24:22-77
uses-permission#android.permission.MOUNT_UNMOUNT_FILESYSTEMS
ADDED from src/main/AndroidManifest.xml:25:5-84
	android:name
		ADDED from src/main/AndroidManifest.xml:25:22-81
uses-permission#android.permission.ACCESS_FINE_LOCATION
ADDED from src/main/AndroidManifest.xml:26:5-79
	android:name
		ADDED from src/main/AndroidManifest.xml:26:22-76
uses-permission#android.permission.RESTART_PACKAGES
ADDED from src/main/AndroidManifest.xml:29:5-75
	android:name
		ADDED from src/main/AndroidManifest.xml:29:22-72
uses-permission#android.permission.GET_TASKS
ADDED from src/main/AndroidManifest.xml:30:5-68
	android:name
		ADDED from src/main/AndroidManifest.xml:30:22-65
uses-permission#android.permission.WRITE_OWNER_DATA
ADDED from src/main/AndroidManifest.xml:33:5-75
	android:name
		ADDED from src/main/AndroidManifest.xml:33:22-72
uses-permission#android.permission.READ_PHONE_STATE
ADDED from src/main/AndroidManifest.xml:38:5-75
	android:name
		ADDED from src/main/AndroidManifest.xml:38:22-72
uses-permission#android.permission.ACCESS_COARSE_LOCATION
ADDED from src/main/AndroidManifest.xml:42:5-81
	android:name
		ADDED from src/main/AndroidManifest.xml:42:22-78
uses-permission#android.permission.ACCESS_WIFI_STATE
ADDED from src/main/AndroidManifest.xml:44:5-76
	android:name
		ADDED from src/main/AndroidManifest.xml:44:22-73
uses-permission#android.permission.CHANGE_WIFI_STATE
ADDED from src/main/AndroidManifest.xml:45:5-76
	android:name
		ADDED from src/main/AndroidManifest.xml:45:22-73
uses-permission#android.permission.READ_LOGS
ADDED from src/main/AndroidManifest.xml:46:5-68
	android:name
		ADDED from src/main/AndroidManifest.xml:46:22-65
uses-permission#android.permission.SYSTEM_ALERT_WINDOW
ADDED from src/main/AndroidManifest.xml:47:5-78
	android:name
		ADDED from src/main/AndroidManifest.xml:47:22-75
uses-permission#android.permission.CHANGE_CONFIGURATION
ADDED from src/main/AndroidManifest.xml:48:5-79
	android:name
		ADDED from src/main/AndroidManifest.xml:48:22-76
uses-permission#android.permission.CHANGE_NETWORK_STATE
ADDED from src/main/AndroidManifest.xml:51:5-79
	android:name
		ADDED from src/main/AndroidManifest.xml:51:22-76
uses-permission#android.permission.GET_ACCOUNTS
ADDED from src/main/AndroidManifest.xml:60:5-71
	android:name
		ADDED from src/main/AndroidManifest.xml:60:22-68
permission#com.videogo.open.permission.C2D_MESSAGE
ADDED from src/main/AndroidManifest.xml:63:5-65:47
	android:protectionLevel
		ADDED from src/main/AndroidManifest.xml:65:9-44
	android:name
		ADDED from src/main/AndroidManifest.xml:64:9-63
uses-permission#com.google.android.c2dm.permission.RECEIVE
ADDED from src/main/AndroidManifest.xml:67:5-82
	android:name
		ADDED from src/main/AndroidManifest.xml:67:22-79
uses-permission#com.videogo.open.permission.C2D_MESSAGE
ADDED from src/main/AndroidManifest.xml:68:5-79
	android:name
		ADDED from src/main/AndroidManifest.xml:68:22-76
uses-permission#android.permission.CHANGE_WIFI_MULTICAST_STATE
ADDED from src/main/AndroidManifest.xml:69:5-86
	android:name
		ADDED from src/main/AndroidManifest.xml:69:22-83
uses-permission#android.permission.READ_EXTERNAL_STORAGE
ADDED from src/main/AndroidManifest.xml:70:5-80
	android:name
		ADDED from src/main/AndroidManifest.xml:70:22-77
uses-permission#android.permission.BAIDU_LOCATION_SERVICE
ADDED from src/main/AndroidManifest.xml:71:5-81
	android:name
		ADDED from src/main/AndroidManifest.xml:71:22-78
application
ADDED from src/main/AndroidManifest.xml:73:5-548:19
MERGED from [com.android.support:appcompat-v7:25.3.0] AndroidManifest.xml:29:5-20
MERGED from [com.android.support:animated-vector-drawable:25.3.0] AndroidManifest.xml:26:5-20
MERGED from [com.android.support:support-vector-drawable:25.3.0] AndroidManifest.xml:26:5-20
MERGED from [com.android.support:support-v4:25.3.0] AndroidManifest.xml:29:5-20
MERGED from [com.android.support:support-fragment:25.3.0] AndroidManifest.xml:29:5-20
MERGED from [com.android.support:support-media-compat:25.3.0] AndroidManifest.xml:29:5-20
MERGED from [com.android.support:support-core-utils:25.3.0] AndroidManifest.xml:29:5-20
MERGED from [com.android.support:support-core-ui:25.3.0] AndroidManifest.xml:29:5-20
MERGED from [com.android.support:support-compat:25.3.0] AndroidManifest.xml:29:5-20
	android:label
		ADDED from src/main/AndroidManifest.xml:77:9-41
	android:allowBackup
		ADDED from src/main/AndroidManifest.xml:75:9-35
	android:icon
		ADDED from src/main/AndroidManifest.xml:76:9-45
	android:theme
		ADDED from src/main/AndroidManifest.xml:78:9-40
	android:name
		ADDED from src/main/AndroidManifest.xml:74:9-39
meta-data#com.baidu.lbsapi.API_KEY
ADDED from src/main/AndroidManifest.xml:79:9-81:64
	android:value
		ADDED from src/main/AndroidManifest.xml:81:13-61
	android:name
		ADDED from src/main/AndroidManifest.xml:80:13-52
service#com.baidu.location.f
ADDED from src/main/AndroidManifest.xml:83:9-86:41
	android:enabled
		ADDED from src/main/AndroidManifest.xml:85:13-35
	android:process
		ADDED from src/main/AndroidManifest.xml:86:13-38
	android:name
		ADDED from src/main/AndroidManifest.xml:84:13-48
provider#android.support.v4.content.FileProvider
ADDED from src/main/AndroidManifest.xml:88:9-97:20
	android:authorities
		ADDED from src/main/AndroidManifest.xml:90:13-62
	android:grantUriPermissions
		ADDED from src/main/AndroidManifest.xml:91:13-47
	android:exported
		ADDED from src/main/AndroidManifest.xml:92:13-37
	android:name
		ADDED from src/main/AndroidManifest.xml:89:13-67
meta-data#android.support.FILE_PROVIDER_PATHS
ADDED from src/main/AndroidManifest.xml:94:13-96:54
	android:resource
		ADDED from src/main/AndroidManifest.xml:96:17-51
	android:name
		ADDED from src/main/AndroidManifest.xml:95:17-67
activity#com.ssiot.fish.FishMainActivity
ADDED from src/main/AndroidManifest.xml:99:9-107:20
	android:label
		ADDED from src/main/AndroidManifest.xml:101:13-45
	android:name
		ADDED from src/main/AndroidManifest.xml:100:13-59
intent-filter#android.intent.action.MAIN+android.intent.category.LAUNCHER
ADDED from src/main/AndroidManifest.xml:102:13-106:29
action#android.intent.action.MAIN
ADDED from src/main/AndroidManifest.xml:103:17-69
	android:name
		ADDED from src/main/AndroidManifest.xml:103:25-66
category#android.intent.category.LAUNCHER
ADDED from src/main/AndroidManifest.xml:105:17-77
	android:name
		ADDED from src/main/AndroidManifest.xml:105:27-74
activity#com.ssiot.remote.LoginActivity
ADDED from src/main/AndroidManifest.xml:119:9-121:48
	android:label
		ADDED from src/main/AndroidManifest.xml:121:13-45
	android:name
		ADDED from src/main/AndroidManifest.xml:120:13-58
activity#com.ssiot.remote.RegisterAct
ADDED from src/main/AndroidManifest.xml:122:9-124:48
	android:label
		ADDED from src/main/AndroidManifest.xml:124:13-45
	android:name
		ADDED from src/main/AndroidManifest.xml:123:13-56
activity#com.ssiot.remote.history.HistoryAct
ADDED from src/main/AndroidManifest.xml:134:9-137:52
	android:screenOrientation
		ADDED from src/main/AndroidManifest.xml:137:13-49
	android:label
		ADDED from src/main/AndroidManifest.xml:136:13-45
	android:name
		ADDED from src/main/AndroidManifest.xml:135:13-63
activity#com.ssiot.remote.myzxing.MipcaActivityCapture
ADDED from src/main/AndroidManifest.xml:139:9-143:63
	android:screenOrientation
		ADDED from src/main/AndroidManifest.xml:142:13-49
	android:windowSoftInputMode
		ADDED from src/main/AndroidManifest.xml:143:13-60
	android:configChanges
		ADDED from src/main/AndroidManifest.xml:141:13-63
	android:name
		ADDED from src/main/AndroidManifest.xml:140:13-73
activity#com.ssiot.remote.dahuavideo.LiveActivity
ADDED from src/main/AndroidManifest.xml:144:9-147:52
	android:screenOrientation
		ADDED from src/main/AndroidManifest.xml:147:13-49
	android:label
		ADDED from src/main/AndroidManifest.xml:146:13-56
	android:name
		ADDED from src/main/AndroidManifest.xml:145:13-68
activity#com.ssiot.remote.dahuavideo.DahuaLiveActivity
ADDED from src/main/AndroidManifest.xml:148:9-151:52
	android:screenOrientation
		ADDED from src/main/AndroidManifest.xml:151:13-49
	android:label
		ADDED from src/main/AndroidManifest.xml:150:13-56
	android:name
		ADDED from src/main/AndroidManifest.xml:149:13-73
activity#com.ssiot.remote.hikvision.RTSPVideo
ADDED from src/main/AndroidManifest.xml:152:9-155:52
	android:screenOrientation
		ADDED from src/main/AndroidManifest.xml:155:13-49
	android:label
		ADDED from src/main/AndroidManifest.xml:154:13-56
	android:name
		ADDED from src/main/AndroidManifest.xml:153:13-64
activity#com.ssiot.remote.expert.DiagnoseFishSelectActivity
ADDED from src/main/AndroidManifest.xml:156:9-159:52
	android:screenOrientation
		ADDED from src/main/AndroidManifest.xml:159:13-49
	android:label
		ADDED from src/main/AndroidManifest.xml:158:13-56
	android:name
		ADDED from src/main/AndroidManifest.xml:157:13-78
activity#com.ssiot.remote.hikvision.VideoActivity
ADDED from src/main/AndroidManifest.xml:160:9-163:52
	android:screenOrientation
		ADDED from src/main/AndroidManifest.xml:163:13-49
	android:label
		ADDED from src/main/AndroidManifest.xml:162:13-56
	android:name
		ADDED from src/main/AndroidManifest.xml:161:13-68
activity#com.ssiot.remote.BrowserActivity
ADDED from src/main/AndroidManifest.xml:164:9-167:52
	android:screenOrientation
		ADDED from src/main/AndroidManifest.xml:167:13-49
	android:label
		ADDED from src/main/AndroidManifest.xml:166:13-45
	android:name
		ADDED from src/main/AndroidManifest.xml:165:13-60
receiver#com.ssiot.remote.receiver.SsiotReceiver
ADDED from src/main/AndroidManifest.xml:169:9-183:20
	android:name
		ADDED from src/main/AndroidManifest.xml:169:19-73
intent-filter#com.ssiot.agri.SHOWMSG
ADDED from src/main/AndroidManifest.xml:170:13-172:29
action#com.ssiot.agri.SHOWMSG
ADDED from src/main/AndroidManifest.xml:171:17-65
	android:name
		ADDED from src/main/AndroidManifest.xml:171:25-62
intent-filter#android.intent.action.BOOT_COMPLETED
ADDED from src/main/AndroidManifest.xml:173:13-175:29
action#android.intent.action.BOOT_COMPLETED
ADDED from src/main/AndroidManifest.xml:174:17-79
	android:name
		ADDED from src/main/AndroidManifest.xml:174:25-76
intent-filter#com.ssiot.agri.update.downfinish+com.ssiot.agri.update.downloadprogress+com.ssiot.agri.update.error+com.ssiot.agri.update.versiongot
ADDED from src/main/AndroidManifest.xml:176:13-182:29
action#com.ssiot.agri.update.versiongot
ADDED from src/main/AndroidManifest.xml:177:17-75
	android:name
		ADDED from src/main/AndroidManifest.xml:177:25-72
action#com.ssiot.agri.update.downloadprogress
ADDED from src/main/AndroidManifest.xml:178:17-81
	android:name
		ADDED from src/main/AndroidManifest.xml:178:25-78
action#com.ssiot.agri.update.downfinish
ADDED from src/main/AndroidManifest.xml:179:17-75
	android:name
		ADDED from src/main/AndroidManifest.xml:179:25-72
action#com.ssiot.agri.update.error
ADDED from src/main/AndroidManifest.xml:180:17-70
	android:name
		ADDED from src/main/AndroidManifest.xml:180:25-67
service#com.ssiot.remote.SsiotService
ADDED from src/main/AndroidManifest.xml:185:9-191:19
	android:exported
		ADDED from src/main/AndroidManifest.xml:187:13-37
	android:name
		ADDED from src/main/AndroidManifest.xml:186:13-57
intent-filter#com.ssiot.remote.SsiotService
ADDED from src/main/AndroidManifest.xml:188:13-190:29
action#com.ssiot.remote.SsiotService
ADDED from src/main/AndroidManifest.xml:189:17-72
	android:name
		ADDED from src/main/AndroidManifest.xml:189:25-69
activity#com.ssiot.fish.question.QuestionListActivity
ADDED from src/main/AndroidManifest.xml:193:9-196:52
	android:screenOrientation
		ADDED from src/main/AndroidManifest.xml:196:13-49
	android:label
		ADDED from src/main/AndroidManifest.xml:195:13-45
	android:name
		ADDED from src/main/AndroidManifest.xml:194:13-72
activity#com.ssiot.fish.question.QuestionDetailListActivity
ADDED from src/main/AndroidManifest.xml:197:9-202:55
	android:screenOrientation
		ADDED from src/main/AndroidManifest.xml:201:13-49
	android:label
		ADDED from src/main/AndroidManifest.xml:200:13-45
	android:windowSoftInputMode
		ADDED from src/main/AndroidManifest.xml:202:13-52
	android:configChanges
		ADDED from src/main/AndroidManifest.xml:199:13-63
	android:name
		ADDED from src/main/AndroidManifest.xml:198:13-78
activity#com.ssiot.fish.question.QuestionNewActivity
ADDED from src/main/AndroidManifest.xml:203:9-206:52
	android:screenOrientation
		ADDED from src/main/AndroidManifest.xml:206:13-49
	android:label
		ADDED from src/main/AndroidManifest.xml:205:13-45
	android:name
		ADDED from src/main/AndroidManifest.xml:204:13-71
activity#com.ssiot.fish.CompanyListActivity
ADDED from src/main/AndroidManifest.xml:207:9-210:52
	android:screenOrientation
		ADDED from src/main/AndroidManifest.xml:210:13-49
	android:label
		ADDED from src/main/AndroidManifest.xml:209:13-45
	android:name
		ADDED from src/main/AndroidManifest.xml:208:13-62
activity#com.ssiot.fish.CompanyDetailActivity
ADDED from src/main/AndroidManifest.xml:211:9-214:52
	android:screenOrientation
		ADDED from src/main/AndroidManifest.xml:214:13-49
	android:label
		ADDED from src/main/AndroidManifest.xml:213:13-45
	android:name
		ADDED from src/main/AndroidManifest.xml:212:13-64
activity#com.ssiot.fish.MarketNewsActivity
ADDED from src/main/AndroidManifest.xml:215:9-218:52
	android:screenOrientation
		ADDED from src/main/AndroidManifest.xml:218:13-49
	android:label
		ADDED from src/main/AndroidManifest.xml:217:13-45
	android:name
		ADDED from src/main/AndroidManifest.xml:216:13-61
activity#com.ssiot.fish.VideoListActivity
ADDED from src/main/AndroidManifest.xml:219:9-222:52
	android:screenOrientation
		ADDED from src/main/AndroidManifest.xml:222:13-49
	android:label
		ADDED from src/main/AndroidManifest.xml:221:13-45
	android:name
		ADDED from src/main/AndroidManifest.xml:220:13-60
activity#com.ssiot.fish.SettingActivity
ADDED from src/main/AndroidManifest.xml:223:9-226:52
	android:screenOrientation
		ADDED from src/main/AndroidManifest.xml:226:13-49
	android:label
		ADDED from src/main/AndroidManifest.xml:225:13-45
	android:name
		ADDED from src/main/AndroidManifest.xml:224:13-58
activity#com.ssiot.remote.UpdateDialogActivity
ADDED from src/main/AndroidManifest.xml:227:9-231:52
	android:screenOrientation
		ADDED from src/main/AndroidManifest.xml:230:13-49
	android:label
		ADDED from src/main/AndroidManifest.xml:229:13-45
	android:theme
		ADDED from src/main/AndroidManifest.xml:231:13-49
	android:name
		ADDED from src/main/AndroidManifest.xml:228:13-65
activity#com.ssiot.remote.expert.SymptomAct
ADDED from src/main/AndroidManifest.xml:234:9-237:52
	android:screenOrientation
		ADDED from src/main/AndroidManifest.xml:237:13-49
	android:label
		ADDED from src/main/AndroidManifest.xml:236:13-45
	android:name
		ADDED from src/main/AndroidManifest.xml:235:13-62
activity#com.ssiot.remote.expert.SolutionAct
ADDED from src/main/AndroidManifest.xml:238:9-241:52
	android:screenOrientation
		ADDED from src/main/AndroidManifest.xml:241:13-49
	android:label
		ADDED from src/main/AndroidManifest.xml:240:13-45
	android:name
		ADDED from src/main/AndroidManifest.xml:239:13-63
activity#com.ssiot.remote.expert.WaterSolutionAct
ADDED from src/main/AndroidManifest.xml:242:9-245:52
	android:screenOrientation
		ADDED from src/main/AndroidManifest.xml:245:13-49
	android:label
		ADDED from src/main/AndroidManifest.xml:244:13-45
	android:name
		ADDED from src/main/AndroidManifest.xml:243:13-68
activity#com.ssiot.remote.expert.WaterColorDiagnoseAct
ADDED from src/main/AndroidManifest.xml:246:9-249:52
	android:screenOrientation
		ADDED from src/main/AndroidManifest.xml:249:13-49
	android:label
		ADDED from src/main/AndroidManifest.xml:248:13-45
	android:name
		ADDED from src/main/AndroidManifest.xml:247:13-73
activity#com.ssiot.remote.yun.monitor.MonitorAct
ADDED from src/main/AndroidManifest.xml:250:9-253:52
	android:screenOrientation
		ADDED from src/main/AndroidManifest.xml:253:13-49
	android:label
		ADDED from src/main/AndroidManifest.xml:252:13-45
	android:name
		ADDED from src/main/AndroidManifest.xml:251:13-67
activity#com.ssiot.remote.yun.monitor.BaiduMapAct
ADDED from src/main/AndroidManifest.xml:254:9-257:52
	android:screenOrientation
		ADDED from src/main/AndroidManifest.xml:257:13-49
	android:label
		ADDED from src/main/AndroidManifest.xml:256:13-45
	android:name
		ADDED from src/main/AndroidManifest.xml:255:13-68
activity#com.ssiot.remote.NodePickerAct
ADDED from src/main/AndroidManifest.xml:258:9-262:63
	android:screenOrientation
		ADDED from src/main/AndroidManifest.xml:261:13-49
	android:windowSoftInputMode
		ADDED from src/main/AndroidManifest.xml:262:13-60
	android:configChanges
		ADDED from src/main/AndroidManifest.xml:260:13-63
	android:name
		ADDED from src/main/AndroidManifest.xml:259:13-58
activity#com.ssiot.remote.aliyun.MsgListAct
ADDED from src/main/AndroidManifest.xml:263:9-266:52
	android:screenOrientation
		ADDED from src/main/AndroidManifest.xml:266:13-49
	android:label
		ADDED from src/main/AndroidManifest.xml:265:13-45
	android:name
		ADDED from src/main/AndroidManifest.xml:264:13-62
activity#com.ssiot.remote.aliyun.TxtAct
ADDED from src/main/AndroidManifest.xml:267:9-270:52
	android:screenOrientation
		ADDED from src/main/AndroidManifest.xml:270:13-49
	android:label
		ADDED from src/main/AndroidManifest.xml:269:13-45
	android:name
		ADDED from src/main/AndroidManifest.xml:268:13-58
activity#com.ssiot.remote.yun.detail.FarmDetailPagerActivity
ADDED from src/main/AndroidManifest.xml:271:9-274:52
	android:screenOrientation
		ADDED from src/main/AndroidManifest.xml:274:13-49
	android:label
		ADDED from src/main/AndroidManifest.xml:273:13-45
	android:name
		ADDED from src/main/AndroidManifest.xml:272:13-79
activity#com.ssiot.remote.yun.detail.sensors.FarmDetailSensorPagerAct
ADDED from src/main/AndroidManifest.xml:275:9-278:52
	android:screenOrientation
		ADDED from src/main/AndroidManifest.xml:278:13-49
	android:label
		ADDED from src/main/AndroidManifest.xml:277:13-45
	android:name
		ADDED from src/main/AndroidManifest.xml:276:13-88
activity#com.ssiot.remote.yun.detail.cntrols.FarmDetailCtrlerPagerActivity
ADDED from src/main/AndroidManifest.xml:279:9-283:75
	android:screenOrientation
		ADDED from src/main/AndroidManifest.xml:282:13-49
	android:label
		ADDED from src/main/AndroidManifest.xml:281:13-45
	android:windowSoftInputMode
		ADDED from src/main/AndroidManifest.xml:283:13-72
	android:name
		ADDED from src/main/AndroidManifest.xml:280:13-93
activity#com.ssiot.remote.yun.detail.cntrols.ControlSetAct
ADDED from src/main/AndroidManifest.xml:284:9-288:75
	android:screenOrientation
		ADDED from src/main/AndroidManifest.xml:287:13-49
	android:label
		ADDED from src/main/AndroidManifest.xml:286:13-45
	android:windowSoftInputMode
		ADDED from src/main/AndroidManifest.xml:288:13-72
	android:name
		ADDED from src/main/AndroidManifest.xml:285:13-77
activity#com.ssiot.remote.yun.detail.cntrols.IntelliSetAct_v2
ADDED from src/main/AndroidManifest.xml:289:9-293:75
	android:screenOrientation
		ADDED from src/main/AndroidManifest.xml:292:13-49
	android:label
		ADDED from src/main/AndroidManifest.xml:291:13-45
	android:windowSoftInputMode
		ADDED from src/main/AndroidManifest.xml:293:13-72
	android:name
		ADDED from src/main/AndroidManifest.xml:290:13-80
activity#com.ssiot.remote.yun.detail.cntrols.EditCtrRuleBase_v3
ADDED from src/main/AndroidManifest.xml:294:9-298:75
	android:screenOrientation
		ADDED from src/main/AndroidManifest.xml:297:13-49
	android:label
		ADDED from src/main/AndroidManifest.xml:296:13-45
	android:windowSoftInputMode
		ADDED from src/main/AndroidManifest.xml:298:13-72
	android:name
		ADDED from src/main/AndroidManifest.xml:295:13-82
activity#com.ssiot.remote.yun.WheelValAct
ADDED from src/main/AndroidManifest.xml:299:9-303:52
	android:screenOrientation
		ADDED from src/main/AndroidManifest.xml:302:13-49
	android:label
		ADDED from src/main/AndroidManifest.xml:301:13-45
	android:theme
		ADDED from src/main/AndroidManifest.xml:303:13-49
	android:name
		ADDED from src/main/AndroidManifest.xml:300:13-60
activity#com.ssiot.remote.yun.TimePickDiaAct
ADDED from src/main/AndroidManifest.xml:304:9-308:52
	android:screenOrientation
		ADDED from src/main/AndroidManifest.xml:307:13-49
	android:label
		ADDED from src/main/AndroidManifest.xml:306:13-45
	android:theme
		ADDED from src/main/AndroidManifest.xml:308:13-49
	android:name
		ADDED from src/main/AndroidManifest.xml:305:13-63
activity#com.ssiot.remote.yun.detail.sensors.AlarmRuleSetAct
ADDED from src/main/AndroidManifest.xml:309:9-312:52
	android:screenOrientation
		ADDED from src/main/AndroidManifest.xml:312:13-49
	android:label
		ADDED from src/main/AndroidManifest.xml:311:13-45
	android:name
		ADDED from src/main/AndroidManifest.xml:310:13-79
activity#com.ssiot.remote.yun.MainMenuAct
ADDED from src/main/AndroidManifest.xml:313:9-316:52
	android:screenOrientation
		ADDED from src/main/AndroidManifest.xml:316:13-49
	android:label
		ADDED from src/main/AndroidManifest.xml:315:13-45
	android:name
		ADDED from src/main/AndroidManifest.xml:314:13-60
activity#com.ssiot.remote.yun.sta.StatisticsAct
ADDED from src/main/AndroidManifest.xml:317:9-320:52
	android:screenOrientation
		ADDED from src/main/AndroidManifest.xml:320:13-49
	android:label
		ADDED from src/main/AndroidManifest.xml:319:13-45
	android:name
		ADDED from src/main/AndroidManifest.xml:318:13-66
activity#com.ssiot.remote.yun.sta.StaLineAct
ADDED from src/main/AndroidManifest.xml:321:9-324:52
	android:screenOrientation
		ADDED from src/main/AndroidManifest.xml:324:13-49
	android:label
		ADDED from src/main/AndroidManifest.xml:323:13-45
	android:name
		ADDED from src/main/AndroidManifest.xml:322:13-63
activity#com.ssiot.remote.yun.sta.StaBarAct
ADDED from src/main/AndroidManifest.xml:325:9-328:52
	android:screenOrientation
		ADDED from src/main/AndroidManifest.xml:328:13-49
	android:label
		ADDED from src/main/AndroidManifest.xml:327:13-45
	android:name
		ADDED from src/main/AndroidManifest.xml:326:13-62
activity#com.ssiot.remote.yun.sta.StaWindOraAct
ADDED from src/main/AndroidManifest.xml:329:9-332:52
	android:screenOrientation
		ADDED from src/main/AndroidManifest.xml:332:13-49
	android:label
		ADDED from src/main/AndroidManifest.xml:331:13-45
	android:name
		ADDED from src/main/AndroidManifest.xml:330:13-66
activity#com.ssiot.remote.yun.MainAct
ADDED from src/main/AndroidManifest.xml:333:9-342:20
	android:screenOrientation
		ADDED from src/main/AndroidManifest.xml:336:13-49
	android:label
		ADDED from src/main/AndroidManifest.xml:335:13-45
	android:name
		ADDED from src/main/AndroidManifest.xml:334:13-56
activity#com.ssiot.remote.yun.SettingActivity
ADDED from src/main/AndroidManifest.xml:343:9-346:52
	android:screenOrientation
		ADDED from src/main/AndroidManifest.xml:346:13-49
	android:label
		ADDED from src/main/AndroidManifest.xml:345:13-45
	android:name
		ADDED from src/main/AndroidManifest.xml:344:13-64
activity#com.ssiot.remote.yun.history.ProductHistoryAct
ADDED from src/main/AndroidManifest.xml:347:9-350:52
	android:screenOrientation
		ADDED from src/main/AndroidManifest.xml:350:13-49
	android:label
		ADDED from src/main/AndroidManifest.xml:349:13-45
	android:name
		ADDED from src/main/AndroidManifest.xml:348:13-74
activity#com.ssiot.remote.yun.expert.ExpertSystemAct
ADDED from src/main/AndroidManifest.xml:351:9-354:52
	android:screenOrientation
		ADDED from src/main/AndroidManifest.xml:354:13-49
	android:label
		ADDED from src/main/AndroidManifest.xml:353:13-45
	android:name
		ADDED from src/main/AndroidManifest.xml:352:13-71
activity#com.ssiot.remote.yun.manage.ProductManageActivity
ADDED from src/main/AndroidManifest.xml:355:9-358:52
	android:screenOrientation
		ADDED from src/main/AndroidManifest.xml:358:13-49
	android:label
		ADDED from src/main/AndroidManifest.xml:357:13-45
	android:name
		ADDED from src/main/AndroidManifest.xml:356:13-77
activity#com.ssiot.remote.yun.manage.ItemListAct
ADDED from src/main/AndroidManifest.xml:359:9-362:52
	android:screenOrientation
		ADDED from src/main/AndroidManifest.xml:362:13-49
	android:label
		ADDED from src/main/AndroidManifest.xml:361:13-45
	android:name
		ADDED from src/main/AndroidManifest.xml:360:13-67
activity#com.ssiot.remote.yun.manage.ProductBatchDetailAct
ADDED from src/main/AndroidManifest.xml:363:9-366:52
	android:screenOrientation
		ADDED from src/main/AndroidManifest.xml:366:13-49
	android:label
		ADDED from src/main/AndroidManifest.xml:365:13-45
	android:name
		ADDED from src/main/AndroidManifest.xml:364:13-77
activity#com.ssiot.remote.yun.manage.ProductPlanDetailAct
ADDED from src/main/AndroidManifest.xml:367:9-370:52
	android:screenOrientation
		ADDED from src/main/AndroidManifest.xml:370:13-49
	android:label
		ADDED from src/main/AndroidManifest.xml:369:13-45
	android:name
		ADDED from src/main/AndroidManifest.xml:368:13-76
activity#com.ssiot.remote.yun.manage.task.TaskActivity
ADDED from src/main/AndroidManifest.xml:371:9-374:52
	android:screenOrientation
		ADDED from src/main/AndroidManifest.xml:374:13-49
	android:label
		ADDED from src/main/AndroidManifest.xml:373:13-45
	android:name
		ADDED from src/main/AndroidManifest.xml:372:13-73
activity#com.ssiot.remote.yun.manage.task.TaskNewActivity
ADDED from src/main/AndroidManifest.xml:375:9-378:52
	android:screenOrientation
		ADDED from src/main/AndroidManifest.xml:378:13-49
	android:label
		ADDED from src/main/AndroidManifest.xml:377:13-45
	android:name
		ADDED from src/main/AndroidManifest.xml:376:13-76
activity#com.ssiot.remote.yun.manage.task.TaskReceiverAct
ADDED from src/main/AndroidManifest.xml:379:9-382:52
	android:screenOrientation
		ADDED from src/main/AndroidManifest.xml:382:13-49
	android:label
		ADDED from src/main/AndroidManifest.xml:381:13-45
	android:name
		ADDED from src/main/AndroidManifest.xml:380:13-76
activity#com.ssiot.remote.yun.manage.task.TaskGetDetailAct
ADDED from src/main/AndroidManifest.xml:383:9-386:52
	android:screenOrientation
		ADDED from src/main/AndroidManifest.xml:386:13-49